# JRE version: Java(TM) SE Runtime Environment (11.0.6+8) (build 11.0.6+8-LTS)
# Java VM: Java HotSpot(TM) 64-Bit Server VM (11.0.6+8-LTS, mixed mode, tiered, compressed oops, g1 gc, windows-amd64)
Heap:
 garbage-first heap   total 98304K, used 65895K [0x0000000080000000, 0x0000000100000000)
  region size 1024K, 48 young (49152K), 6 survivors (6144K)
 Metaspace       used 39396K, capacity 40412K, committed 40496K, reserved 552960K
  class space    used 5091K, capacity 5484K, committed 5504K, reserved 516096K
GC Heap History (10 events):
Event: 3.448 GC heap before
{Heap before GC invocations=1 (full 0):
 garbage-first heap   total 98304K, used 66965K [0x0000000080000000, 0x0000000100000000)
  region size 1024K, 57 young (58368K), 3 survivors (3072K)
 Metaspace       used 11389K, capacity 11651K, committed 11904K, reserved 528384K
  class space    used 1237K, capacity 1310K, committed 1408K, reserved 516096K
}
Event: 3.465 GC heap after
{Heap after GC invocations=2 (full 0):
 garbage-first heap   total 98304K, used 16083K [0x0000000080000000, 0x0000000100000000)
  region size 1024K, 8 young (8192K), 8 survivors (8192K)
 Metaspace       used 11389K, capacity 11651K, committed 11904K, reserved 528384K
  class space    used 1237K, capacity 1310K, committed 1408K, reserved 516096K
}
Event: 5.826 GC heap before
{Heap before GC invocations=2 (full 0):
 garbage-first heap   total 98304K, used 61139K [0x0000000080000000, 0x0000000100000000)
  region size 1024K, 54 young (55296K), 8 survivors (8192K)
 Metaspace       used 20889K, capacity 21236K, committed 21296K, reserved 536576K
  class space    used 2527K, capacity 2684K, committed 2688K, reserved 516096K
}
Event: 5.839 GC heap after
{Heap after GC invocations=3 (full 0):
 garbage-first heap   total 98304K, used 18462K [0x0000000080000000, 0x0000000100000000)
  region size 1024K, 3 young (3072K), 3 survivors (3072K)
 Metaspace       used 20889K, capacity 21236K, committed 21296K, reserved 536576K
  class space    used 2527K, capacity 2684K, committed 2688K, reserved 516096K
}
Event: 7.141 GC heap before
{Heap before GC invocations=4 (full 0):
 garbage-first heap   total 98304K, used 66590K [0x0000000080000000, 0x0000000100000000)
  region size 1024K, 50 young (51200K), 3 survivors (3072K)
 Metaspace       used 25033K, capacity 25634K, committed 25648K, reserved 538624K
  class space    used 3216K, capacity 3450K, committed 3456K, reserved 516096K
}
Event: 7.148 GC heap after
{Heap after GC invocations=5 (full 0):
 garbage-first heap   total 98304K, used 19822K [0x0000000080000000, 0x0000000100000000)
  region size 1024K, 5 young (5120K), 5 survivors (5120K)
 Metaspace       used 25033K, capacity 25634K, committed 25648K, reserved 538624K
  class space    used 3216K, capacity 3450K, committed 3456K, reserved 516096K
}
Event: 9.266 GC heap before
{Heap before GC invocations=5 (full 0):
 garbage-first heap   total 98304K, used 68974K [0x0000000080000000, 0x0000000100000000)
  region size 1024K, 53 young (54272K), 5 survivors (5120K)
 Metaspace       used 29692K, capacity 30377K, committed 30512K, reserved 542720K
  class space    used 3938K, capacity 4208K, committed 4224K, reserved 516096K
}
Event: 9.275 GC heap after
{Heap after GC invocations=6 (full 0):
 garbage-first heap   total 98304K, used 21696K [0x0000000080000000, 0x0000000100000000)
  region size 1024K, 4 young (4096K), 4 survivors (4096K)
 Metaspace       used 29692K, capacity 30377K, committed 30512K, reserved 542720K
  class space    used 3938K, capacity 4208K, committed 4224K, reserved 516096K
}
Event: 10.412 GC heap before
{Heap before GC invocations=6 (full 0):
 garbage-first heap   total 98304K, used 52416K [0x0000000080000000, 0x0000000100000000)
  region size 1024K, 35 young (35840K), 4 survivors (4096K)
 Metaspace       used 34922K, capacity 35796K, committed 35888K, reserved 548864K
  class space    used 4534K, capacity 4908K, committed 4992K, reserved 516096K
}
Event: 10.420 GC heap after
{Heap after GC invocations=7 (full 0):
 garbage-first heap   total 98304K, used 23911K [0x0000000080000000, 0x0000000100000000)
  region size 1024K, 6 young (6144K), 6 survivors (6144K)
 Metaspace       used 34922K, capacity 35796K, committed 35888K, reserved 548864K
  class space    used 4534K, capacity 4908K, committed 4992K, reserved 516096K
}

