# JRE version: Java(TM) SE Runtime Environment (11.0.6+8) (build 11.0.6+8-LTS)
# Java VM: Java HotSpot(TM) 64-Bit Server VM (11.0.6+8-LTS, mixed mode, tiered, compressed oops, g1 gc, windows-amd64)
Heap:
 garbage-first heap   total 118784K, used 79850K [0x0000000080000000, 0x0000000100000000)
  region size 1024K, 1 young (1024K), 1 survivors (1024K)
 Metaspace       used 80152K, capacity 82469K, committed 82640K, reserved 587776K
  class space    used 10407K, capacity 11367K, committed 11392K, reserved 516096K
GC Heap History (10 events):
Event: 112.948 GC heap before
{Heap before GC invocations=30 (full 0):
 garbage-first heap   total 98304K, used 75292K [0x0000000080000000, 0x0000000100000000)
  region size 1024K, 15 young (15360K), 3 survivors (3072K)
 Metaspace       used 74163K, capacity 76352K, committed 76624K, reserved 583680K
  class space    used 9763K, capacity 10720K, committed 10752K, reserved 516096K
}
Event: 112.953 GC heap after
{Heap after GC invocations=31 (full 0):
 garbage-first heap   total 98304K, used 65920K [0x0000000080000000, 0x0000000100000000)
  region size 1024K, 2 young (2048K), 2 survivors (2048K)
 Metaspace       used 74163K, capacity 76352K, committed 76624K, reserved 583680K
  class space    used 9763K, capacity 10720K, committed 10752K, reserved 516096K
}
Event: 113.362 GC heap before
{Heap before GC invocations=31 (full 0):
 garbage-first heap   total 98304K, used 76160K [0x0000000080000000, 0x0000000100000000)
  region size 1024K, 13 young (13312K), 2 survivors (2048K)
 Metaspace       used 75712K, capacity 78045K, committed 78288K, reserved 583680K
  class space    used 9929K, capacity 10873K, committed 10880K, reserved 516096K
}
Event: 113.366 GC heap after
{Heap after GC invocations=32 (full 0):
 garbage-first heap   total 98304K, used 66332K [0x0000000080000000, 0x0000000100000000)
  region size 1024K, 1 young (1024K), 1 survivors (1024K)
 Metaspace       used 75712K, capacity 78045K, committed 78288K, reserved 583680K
  class space    used 9929K, capacity 10873K, committed 10880K, reserved 516096K
}
Event: 113.741 GC heap before
{Heap before GC invocations=33 (full 0):
 garbage-first heap   total 98304K, used 77596K [0x0000000080000000, 0x0000000100000000)
  region size 1024K, 12 young (12288K), 1 survivors (1024K)
 Metaspace       used 77186K, capacity 79494K, committed 79824K, reserved 585728K
  class space    used 10084K, capacity 11036K, committed 11136K, reserved 516096K
}
Event: 113.745 GC heap after
{Heap after GC invocations=34 (full 0):
 garbage-first heap   total 98304K, used 66928K [0x0000000080000000, 0x0000000100000000)
  region size 1024K, 2 young (2048K), 2 survivors (2048K)
 Metaspace       used 77186K, capacity 79494K, committed 79824K, reserved 585728K
  class space    used 10084K, capacity 11036K, committed 11136K, reserved 516096K
}
Event: 113.844 GC heap before
{Heap before GC invocations=34 (full 0):
 garbage-first heap   total 98304K, used 68976K [0x0000000080000000, 0x0000000100000000)
  region size 1024K, 6 young (6144K), 2 survivors (2048K)
 Metaspace       used 77402K, capacity 79690K, committed 79824K, reserved 585728K
  class space    used 10100K, capacity 11037K, committed 11136K, reserved 516096K
}
Event: 113.850 GC heap after
{Heap after GC invocations=35 (full 0):
 garbage-first heap   total 98304K, used 68476K [0x0000000080000000, 0x0000000100000000)
  region size 1024K, 2 young (2048K), 2 survivors (2048K)
 Metaspace       used 77402K, capacity 79690K, committed 79824K, reserved 585728K
  class space    used 10100K, capacity 11037K, committed 11136K, reserved 516096K
}
Event: 114.310 GC heap before
{Heap before GC invocations=36 (full 0):
 garbage-first heap   total 98304K, used 79740K [0x0000000080000000, 0x0000000100000000)
  region size 1024K, 13 young (13312K), 2 survivors (2048K)
 Metaspace       used 78203K, capacity 80496K, committed 80592K, reserved 585728K
  class space    used 10180K, capacity 11135K, committed 11136K, reserved 516096K
}
Event: 114.315 GC heap after
{Heap after GC invocations=37 (full 0):
 garbage-first heap   total 98304K, used 69494K [0x0000000080000000, 0x0000000100000000)
  region size 1024K, 2 young (2048K), 2 survivors (2048K)
 Metaspace       used 78203K, capacity 80496K, committed 80592K, reserved 585728K
  class space    used 10180K, capacity 11135K, committed 11136K, reserved 516096K
}

