# JRE version: Java(TM) SE Runtime Environment (11.0.6+8) (build 11.0.6+8-LTS)
# Java VM: Java HotSpot(TM) 64-Bit Server VM (11.0.6+8-LTS, mixed mode, tiered, compressed oops, g1 gc, windows-amd64)
Heap:
 garbage-first heap   total 248832K, used 145736K [0x00000000a0c00000, 0x0000000100000000)
  region size 1024K, 27 young (27648K), 4 survivors (4096K)
 Metaspace       used 86466K, capacity 87396K, committed 87504K, reserved 1128448K
  class space    used 9138K, capacity 9527K, committed 9600K, reserved 1048576K
GC Heap History (10 events):
Event: 41.222 GC heap before
{Heap before GC invocations=39 (full 0):
 garbage-first heap   total 206848K, used 159879K [0x00000000a0c00000, 0x0000000100000000)
  region size 1024K, 39 young (39936K), 3 survivors (3072K)
 Metaspace       used 83647K, capacity 84562K, committed 84688K, reserved 1124352K
  class space    used 8951K, capacity 9330K, committed 9344K, reserved 1048576K
}
Event: 41.277 GC heap after
{Heap after GC invocations=40 (full 0):
 garbage-first heap   total 206848K, used 126388K [0x00000000a0c00000, 0x0000000100000000)
  region size 1024K, 4 young (4096K), 4 survivors (4096K)
 Metaspace       used 83647K, capacity 84562K, committed 84688K, reserved 1124352K
  class space    used 8951K, capacity 9330K, committed 9344K, reserved 1048576K
}
Event: 42.065 GC heap before
{Heap before GC invocations=41 (full 0):
 garbage-first heap   total 206848K, used 161204K [0x00000000a0c00000, 0x0000000100000000)
  region size 1024K, 40 young (40960K), 4 survivors (4096K)
 Metaspace       used 84907K, capacity 85787K, committed 85840K, reserved 1126400K
  class space    used 9074K, capacity 9461K, committed 9472K, reserved 1048576K
}
Event: 42.091 GC heap after
{Heap after GC invocations=42 (full 0):
 garbage-first heap   total 206848K, used 125215K [0x00000000a0c00000, 0x0000000100000000)
  region size 1024K, 1 young (1024K), 1 survivors (1024K)
 Metaspace       used 84907K, capacity 85787K, committed 85840K, reserved 1126400K
  class space    used 9074K, capacity 9461K, committed 9472K, reserved 1048576K
}
Event: 42.458 GC heap before
{Heap before GC invocations=42 (full 0):
 garbage-first heap   total 206848K, used 134431K [0x00000000a0c00000, 0x0000000100000000)
  region size 1024K, 10 young (10240K), 1 survivors (1024K)
 Metaspace       used 85427K, capacity 86302K, committed 86352K, reserved 1126400K
  class space    used 9096K, capacity 9462K, committed 9472K, reserved 1048576K
}
Event: 42.490 GC heap after
{Heap after GC invocations=43 (full 0):
 garbage-first heap   total 206848K, used 120793K [0x00000000a0c00000, 0x0000000100000000)
  region size 1024K, 2 young (2048K), 2 survivors (2048K)
 Metaspace       used 85427K, capacity 86302K, committed 86352K, reserved 1126400K
  class space    used 9096K, capacity 9462K, committed 9472K, reserved 1048576K
}
Event: 43.592 GC heap before
{Heap before GC invocations=43 (full 0):
 garbage-first heap   total 206848K, used 161753K [0x00000000a0c00000, 0x0000000100000000)
  region size 1024K, 42 young (43008K), 2 survivors (2048K)
 Metaspace       used 85901K, capacity 86783K, committed 86992K, reserved 1126400K
  class space    used 9121K, capacity 9494K, committed 9600K, reserved 1048576K
}
Event: 43.633 GC heap after
{Heap after GC invocations=44 (full 0):
 garbage-first heap   total 248832K, used 122127K [0x00000000a0c00000, 0x0000000100000000)
  region size 1024K, 3 young (3072K), 3 survivors (3072K)
 Metaspace       used 85901K, capacity 86783K, committed 86992K, reserved 1126400K
  class space    used 9121K, capacity 9494K, committed 9600K, reserved 1048576K
}
Event: 44.517 GC heap before
{Heap before GC invocations=45 (full 0):
 garbage-first heap   total 248832K, used 183567K [0x00000000a0c00000, 0x0000000100000000)
  region size 1024K, 63 young (64512K), 3 survivors (3072K)
 Metaspace       used 86337K, capacity 87265K, committed 87504K, reserved 1128448K
  class space    used 9137K, capacity 9526K, committed 9600K, reserved 1048576K
}
Event: 44.534 GC heap after
{Heap after GC invocations=46 (full 0):
 garbage-first heap   total 248832K, used 123208K [0x00000000a0c00000, 0x0000000100000000)
  region size 1024K, 4 young (4096K), 4 survivors (4096K)
 Metaspace       used 86337K, capacity 87265K, committed 87504K, reserved 1128448K
  class space    used 9137K, capacity 9526K, committed 9600K, reserved 1048576K
}

